<?xml version="1.0" encoding="UTF-8"?>
<testng-results ignored="0" total="1" passed="1" failed="0" skipped="0">
  <reporter-output>
  </reporter-output>
  <suite started-at="2023-07-26T12:40:03 IST" name="Surefire suite" finished-at="2023-07-26T12:40:03 IST" duration-ms="21">
    <groups>
    </groups>
    <test started-at="2023-07-26T12:40:03 IST" name="Surefire test" finished-at="2023-07-26T12:40:03 IST" duration-ms="21">
      <class name="automation.verizon_jenkins.AppTest">
        <test-method signature="shouldAnswerWithTrue()" started-at="2023-07-26T12:40:03 IST" name="shouldAnswerWithTrue" finished-at="2023-07-26T12:40:03 IST" duration-ms="3" status="PASS">
          <reporter-output>
          </reporter-output>
        </test-method> <!-- shouldAnswerWithTrue -->
      </class> <!-- automation.verizon_jenkins.AppTest -->
    </test> <!-- Surefire test -->
  </suite> <!-- Surefire suite -->
</testng-results>
